<?xml version="1.0" encoding="UTF-8"?>
<!-- Generated by org.testng.reporters.JUnitReportReporter -->
<testsuite hostname="HB11546" failures="0" tests="3" name="exam.Exam" time="20.181" errors="0" timestamp="2022-03-17T13:33:56 EDT" skipped="0">
  <testcase classname="exam.Exam" name="login" time="1.849"/>
  <system-out/>
  <testcase classname="exam.Exam" name="registerPatient" time="15.151"/>
  <system-out/>
  <testcase classname="exam.Exam" name="Logout" time="3.181"/>
  <system-out/>
</testsuite> <!-- exam.Exam -->
